[31-Oct-2022 04:53:53 UTC] PHP Warning:  PHP Startup: Unable to load dynamic library 'oci8_12c' (tried: ext\oci8_12c (The specified module could not be found.), ext\php_oci8_12c.dll (The specified module could not be found.)) in Unknown on line 0
[31-Oct-2022 04:53:53 UTC] PHP Warning:  PHP Startup: Unable to load dynamic library 'pdo_firebird' (tried: ext\pdo_firebird (The specified module could not be found.), ext\php_pdo_firebird.dll (The specified module could not be found.)) in Unknown on line 0
[31-Oct-2022 04:53:53 UTC] PHP Warning:  PHP Startup: Unable to load dynamic library 'pdo_oci' (tried: ext\pdo_oci (The specified module could not be found.), ext\php_pdo_oci.dll (The specified module could not be found.)) in Unknown on line 0
[31-Oct-2022 04:55:51 UTC] PHP Warning:  PHP Startup: Unable to load dynamic library 'oci8_12c' (tried: ext\oci8_12c (The specified module could not be found.), ext\php_oci8_12c.dll (The specified module could not be found.)) in Unknown on line 0
[31-Oct-2022 04:55:51 UTC] PHP Warning:  PHP Startup: Unable to load dynamic library 'pdo_firebird' (tried: ext\pdo_firebird (The specified module could not be found.), ext\php_pdo_firebird.dll (The specified module could not be found.)) in Unknown on line 0
[31-Oct-2022 04:55:51 UTC] PHP Warning:  PHP Startup: Unable to load dynamic library 'pdo_oci' (tried: ext\pdo_oci (The specified module could not be found.), ext\php_pdo_oci.dll (The specified module could not be found.)) in Unknown on line 0
[31-Oct-2022 04:55:51 UTC] PHP Warning:  require(D:\DMT/vendor/autoload.php): failed to open stream: No such file or directory in D:\DMT\artisan on line 18
[31-Oct-2022 04:55:51 UTC] PHP Fatal error:  require(): Failed opening required 'D:\DMT/vendor/autoload.php' (include_path='.;C:\php\pear') in D:\DMT\artisan on line 18
[31-Oct-2022 04:59:32 UTC] PHP Warning:  PHP Startup: Unable to load dynamic library 'oci8_12c' (tried: ext\oci8_12c (The specified module could not be found.), ext\php_oci8_12c.dll (The specified module could not be found.)) in Unknown on line 0
[31-Oct-2022 04:59:32 UTC] PHP Warning:  PHP Startup: Unable to load dynamic library 'pdo_firebird' (tried: ext\pdo_firebird (The specified module could not be found.), ext\php_pdo_firebird.dll (The specified module could not be found.)) in Unknown on line 0
[31-Oct-2022 04:59:32 UTC] PHP Warning:  PHP Startup: Unable to load dynamic library 'pdo_oci' (tried: ext\pdo_oci (The specified module could not be found.), ext\php_pdo_oci.dll (The specified module could not be found.)) in Unknown on line 0
[31-Oct-2022 05:02:00 UTC] PHP Warning:  PHP Startup: Unable to load dynamic library 'oci8_12c' (tried: ext\oci8_12c (The specified module could not be found.), ext\php_oci8_12c.dll (The specified module could not be found.)) in Unknown on line 0
[31-Oct-2022 05:02:00 UTC] PHP Warning:  PHP Startup: Unable to load dynamic library 'pdo_firebird' (tried: ext\pdo_firebird (The specified module could not be found.), ext\php_pdo_firebird.dll (The specified module could not be found.)) in Unknown on line 0
[31-Oct-2022 05:02:00 UTC] PHP Warning:  PHP Startup: Unable to load dynamic library 'pdo_oci' (tried: ext\pdo_oci (The specified module could not be found.), ext\php_pdo_oci.dll (The specified module could not be found.)) in Unknown on line 0
[31-Oct-2022 06:05:55 UTC] PHP Warning:  PHP Startup: Unable to load dynamic library 'oci8_12c' (tried: ext\oci8_12c (The specified module could not be found.), ext\php_oci8_12c.dll (The specified module could not be found.)) in Unknown on line 0
[31-Oct-2022 06:05:56 UTC] PHP Warning:  PHP Startup: Unable to load dynamic library 'pdo_firebird' (tried: ext\pdo_firebird (The specified module could not be found.), ext\php_pdo_firebird.dll (The specified module could not be found.)) in Unknown on line 0
[31-Oct-2022 06:05:56 UTC] PHP Warning:  PHP Startup: Unable to load dynamic library 'pdo_oci' (tried: ext\pdo_oci (The specified module could not be found.), ext\php_pdo_oci.dll (The specified module could not be found.)) in Unknown on line 0
[31-Oct-2022 06:07:17 UTC] PHP Warning:  PHP Startup: Unable to load dynamic library 'oci8_12c' (tried: ext\oci8_12c (The specified module could not be found.), ext\php_oci8_12c.dll (The specified module could not be found.)) in Unknown on line 0
[31-Oct-2022 06:07:17 UTC] PHP Warning:  PHP Startup: Unable to load dynamic library 'pdo_firebird' (tried: ext\pdo_firebird (The specified module could not be found.), ext\php_pdo_firebird.dll (The specified module could not be found.)) in Unknown on line 0
[31-Oct-2022 06:07:17 UTC] PHP Warning:  PHP Startup: Unable to load dynamic library 'pdo_oci' (tried: ext\pdo_oci (The specified module could not be found.), ext\php_pdo_oci.dll (The specified module could not be found.)) in Unknown on line 0
[31-Oct-2022 06:07:30 UTC] PHP Warning:  PHP Startup: Unable to load dynamic library 'oci8_12c' (tried: ext\oci8_12c (The specified module could not be found.), ext\php_oci8_12c.dll (The specified module could not be found.)) in Unknown on line 0
[31-Oct-2022 06:07:30 UTC] PHP Warning:  PHP Startup: Unable to load dynamic library 'pdo_firebird' (tried: ext\pdo_firebird (The specified module could not be found.), ext\php_pdo_firebird.dll (The specified module could not be found.)) in Unknown on line 0
[31-Oct-2022 06:07:30 UTC] PHP Warning:  PHP Startup: Unable to load dynamic library 'pdo_oci' (tried: ext\pdo_oci (The specified module could not be found.), ext\php_pdo_oci.dll (The specified module could not be found.)) in Unknown on line 0
[31-Oct-2022 06:07:45 UTC] PHP Warning:  PHP Startup: Unable to load dynamic library 'oci8_12c' (tried: ext\oci8_12c (The specified module could not be found.), ext\php_oci8_12c.dll (The specified module could not be found.)) in Unknown on line 0
[31-Oct-2022 06:07:45 UTC] PHP Warning:  PHP Startup: Unable to load dynamic library 'pdo_firebird' (tried: ext\pdo_firebird (The specified module could not be found.), ext\php_pdo_firebird.dll (The specified module could not be found.)) in Unknown on line 0
[31-Oct-2022 06:07:45 UTC] PHP Warning:  PHP Startup: Unable to load dynamic library 'pdo_oci' (tried: ext\pdo_oci (The specified module could not be found.), ext\php_pdo_oci.dll (The specified module could not be found.)) in Unknown on line 0
[31-Oct-2022 06:07:48 UTC] PHP Warning:  PHP Startup: Unable to load dynamic library 'oci8_12c' (tried: ext\oci8_12c (The specified module could not be found.), ext\php_oci8_12c.dll (The specified module could not be found.)) in Unknown on line 0
[31-Oct-2022 06:07:48 UTC] PHP Warning:  PHP Startup: Unable to load dynamic library 'pdo_firebird' (tried: ext\pdo_firebird (The specified module could not be found.), ext\php_pdo_firebird.dll (The specified module could not be found.)) in Unknown on line 0
[31-Oct-2022 06:07:48 UTC] PHP Warning:  PHP Startup: Unable to load dynamic library 'pdo_oci' (tried: ext\pdo_oci (The specified module could not be found.), ext\php_pdo_oci.dll (The specified module could not be found.)) in Unknown on line 0
[31-Oct-2022 06:07:54 UTC] PHP Warning:  PHP Startup: Unable to load dynamic library 'oci8_12c' (tried: ext\oci8_12c (The specified module could not be found.), ext\php_oci8_12c.dll (The specified module could not be found.)) in Unknown on line 0
[31-Oct-2022 06:07:54 UTC] PHP Warning:  PHP Startup: Unable to load dynamic library 'pdo_firebird' (tried: ext\pdo_firebird (The specified module could not be found.), ext\php_pdo_firebird.dll (The specified module could not be found.)) in Unknown on line 0
[31-Oct-2022 06:07:54 UTC] PHP Warning:  PHP Startup: Unable to load dynamic library 'pdo_oci' (tried: ext\pdo_oci (The specified module could not be found.), ext\php_pdo_oci.dll (The specified module could not be found.)) in Unknown on line 0
[31-Oct-2022 06:07:58 UTC] PHP Warning:  PHP Startup: Unable to load dynamic library 'oci8_12c' (tried: ext\oci8_12c (The specified module could not be found.), ext\php_oci8_12c.dll (The specified module could not be found.)) in Unknown on line 0
[31-Oct-2022 06:07:58 UTC] PHP Warning:  PHP Startup: Unable to load dynamic library 'pdo_firebird' (tried: ext\pdo_firebird (The specified module could not be found.), ext\php_pdo_firebird.dll (The specified module could not be found.)) in Unknown on line 0
[31-Oct-2022 06:07:58 UTC] PHP Warning:  PHP Startup: Unable to load dynamic library 'pdo_oci' (tried: ext\pdo_oci (The specified module could not be found.), ext\php_pdo_oci.dll (The specified module could not be found.)) in Unknown on line 0
[31-Oct-2022 06:09:01 UTC] PHP Warning:  PHP Startup: Unable to load dynamic library 'oci8_12c' (tried: ext\oci8_12c (The specified module could not be found.), ext\php_oci8_12c.dll (The specified module could not be found.)) in Unknown on line 0
[31-Oct-2022 06:09:01 UTC] PHP Warning:  PHP Startup: Unable to load dynamic library 'pdo_firebird' (tried: ext\pdo_firebird (The specified module could not be found.), ext\php_pdo_firebird.dll (The specified module could not be found.)) in Unknown on line 0
[31-Oct-2022 06:09:01 UTC] PHP Warning:  PHP Startup: Unable to load dynamic library 'pdo_oci' (tried: ext\pdo_oci (The specified module could not be found.), ext\php_pdo_oci.dll (The specified module could not be found.)) in Unknown on line 0
[09-Nov-2022 04:08:58 UTC] PHP Fatal error:  Uncaught Error: Class 'App\Http\Controllers\Admin\AdminController' not found in D:\DMT\Modules\Leave\Http\Controllers\LeaveController.php:19
Stack trace:
#0 {main}
  thrown in D:\DMT\Modules\Leave\Http\Controllers\LeaveController.php on line 19
[09-Nov-2022 04:08:59 UTC] PHP Fatal error:  Uncaught Error: Class 'App\Http\Controllers\Admin\AdminController' not found in D:\DMT\Modules\Leave\Http\Controllers\LeaveController.php:19
Stack trace:
#0 {main}
  thrown in D:\DMT\Modules\Leave\Http\Controllers\LeaveController.php on line 19
